WARNING: A restricted method in java.lang.System has been called
WARNING: java.lang.System::load has been called by org.fusesource.jansi.internal.JansiLoader in an unnamed module (file:/home/xaris/.m2/wrapper/dists/apache-maven-3.8.5-bin/5i5jha092a3i37g0paqnfr15e0/apache-maven-3.8.5/lib/jansi-2.4.0.jar)
WARNING: Use --enable-native-access=ALL-UNNAMED to avoid a warning for callers in this module
WARNING: Restricted methods will be blocked in a future release unless native access is enabled

WARNING: A terminally deprecated method in sun.misc.Unsafe has been called
WARNING: sun.misc.Unsafe::objectFieldOffset has been called by com.google.common.util.concurrent.AbstractFuture$UnsafeAtomicHelper (file:/home/xaris/.m2/wrapper/dists/apache-maven-3.8.5-bin/5i5jha092a3i37g0paqnfr15e0/apache-maven-3.8.5/lib/guava-25.1-android.jar)
WARNING: Please consider reporting this to the maintainers of class com.google.common.util.concurrent.AbstractFuture$UnsafeAtomicHelper
WARNING: sun.misc.Unsafe::objectFieldOffset will be removed in a future release
[INFO] Scanning for projects...
[INFO] ------------------------------------------------------------------------
[INFO] Reactor Build Order:
[INFO] 
[INFO] HAFMessenger                                                       [pom]
[INFO] shared                                                             [jar]
[INFO] client                                                             [jar]
[INFO] server                                                             [jar]
[INFO] 
[INFO] -------------------------< com.haf:messenger >--------------------------
[INFO] Building HAFMessenger 1.0-SNAPSHOT                                 [1/4]
[INFO] --------------------------------[ pom ]---------------------------------
[INFO] 
[INFO] --- maven-clean-plugin:2.5:clean (default-clean) @ messenger ---
[INFO] 
[INFO] ---------------------------< com.haf:shared >---------------------------
[INFO] Building shared 1.0-SNAPSHOT                                       [2/4]
[INFO] --------------------------------[ jar ]---------------------------------
[INFO] 
[INFO] --- maven-clean-plugin:2.5:clean (default-clean) @ shared ---
[INFO] Deleting /home/xaris/Desktop/Diplo/PROJECT/HAFMessenger/shared/target
[INFO] 
[INFO] --- maven-resources-plugin:2.6:resources (default-resources) @ shared ---
[INFO] Using 'UTF-8' encoding to copy filtered resources.
[INFO] Copying 0 resource
[INFO] 
[INFO] --- maven-compiler-plugin:3.13.0:compile (default-compile) @ shared ---
[INFO] Recompiling the module because of changed source code.
[INFO] Compiling 33 source files with javac [debug release 21 module-path] to target/classes
[INFO] 
[INFO] ---------------------------< com.haf:client >---------------------------
[INFO] Building client 1.0-SNAPSHOT                                       [3/4]
[INFO] --------------------------------[ jar ]---------------------------------
[INFO] 
[INFO] --- maven-clean-plugin:2.5:clean (default-clean) @ client ---
[INFO] Deleting /home/xaris/Desktop/Diplo/PROJECT/HAFMessenger/client/target
[INFO] 
[INFO] --- maven-resources-plugin:2.6:resources (default-resources) @ client ---
[INFO] Using 'UTF-8' encoding to copy filtered resources.
[INFO] Copying 37 resources
[INFO] 
[INFO] --- maven-compiler-plugin:3.13.0:compile (default-compile) @ client ---
[INFO] Recompiling the module because of changed dependency.
[INFO] Compiling 30 source files with javac [debug release 21 module-path] to target/classes
[INFO] 
[INFO] ---------------------------< com.haf:server >---------------------------
[INFO] Building server 1.0-SNAPSHOT                                       [4/4]
[INFO] --------------------------------[ jar ]---------------------------------
[INFO] 
[INFO] --- maven-clean-plugin:2.5:clean (default-clean) @ server ---
[INFO] Deleting /home/xaris/Desktop/Diplo/PROJECT/HAFMessenger/server/target
[INFO] 
[INFO] --- maven-resources-plugin:2.6:resources (default-resources) @ server ---
[INFO] Using 'UTF-8' encoding to copy filtered resources.
[INFO] Copying 12 resources
[INFO] 
[INFO] --- maven-compiler-plugin:3.13.0:compile (default-compile) @ server ---
[INFO] Required filename-based automodules detected: [flyway-core-10.16.0.jar, jbcrypt-0.4.jar]. Please don't publish this project to a public artifact repository!
[INFO] Recompiling the module because of changed dependency.
[INFO] Compiling 15 source files with javac [debug release 21 module-path] to target/classes
[INFO] -------------------------------------------------------------
[ERROR] COMPILATION ERROR : 
[INFO] -------------------------------------------------------------
[ERROR] /home/xaris/Desktop/Diplo/PROJECT/HAFMessenger/server/src/main/java/com/haf/server/db/EnvelopeDAO.java:[5,32] package com.haf.shared.constants does not exist
[ERROR] /home/xaris/Desktop/Diplo/PROJECT/HAFMessenger/server/src/main/java/com/haf/server/db/EnvelopeDAO.java:[6,26] package com.haf.shared.dto does not exist
[ERROR] /home/xaris/Desktop/Diplo/PROJECT/HAFMessenger/server/src/main/java/com/haf/server/db/EnvelopeDAO.java:[113,34] cannot find symbol
  symbol:   class EncryptedMessage
  location: class com.haf.server.db.EnvelopeDAO
[ERROR] /home/xaris/Desktop/Diplo/PROJECT/HAFMessenger/server/src/main/java/com/haf/server/router/QueuedEnvelope.java:[3,26] package com.haf.shared.dto does not exist
[ERROR] /home/xaris/Desktop/Diplo/PROJECT/HAFMessenger/server/src/main/java/com/haf/server/router/QueuedEnvelope.java:[14,30] cannot find symbol
  symbol:   class EncryptedMessage
  location: class com.haf.server.router.QueuedEnvelope
[ERROR] /home/xaris/Desktop/Diplo/PROJECT/HAFMessenger/server/src/main/java/com/haf/server/db/EnvelopeDAO.java:[277,35] cannot find symbol
  symbol:   class EncryptedMessage
  location: class com.haf.server.db.EnvelopeDAO
[ERROR] /home/xaris/Desktop/Diplo/PROJECT/HAFMessenger/server/src/main/java/com/haf/server/db/EnvelopeDAO.java:[318,13] cannot find symbol
  symbol:   class EncryptedMessage
  location: class com.haf.server.db.EnvelopeDAO
[ERROR] /home/xaris/Desktop/Diplo/PROJECT/HAFMessenger/server/src/main/java/com/haf/server/db/FileUploadDAO.java:[3,26] package com.haf.shared.dto does not exist
[ERROR] /home/xaris/Desktop/Diplo/PROJECT/HAFMessenger/server/src/main/java/com/haf/server/db/FileUploadDAO.java:[59,26] cannot find symbol
  symbol:   class EncryptedFileDTO
  location: class com.haf.server.db.FileUploadDAO
[ERROR] /home/xaris/Desktop/Diplo/PROJECT/HAFMessenger/server/src/main/java/com/haf/server/db/UserDAO.java:[4,26] package com.haf.shared.dto does not exist
[ERROR] /home/xaris/Desktop/Diplo/PROJECT/HAFMessenger/server/src/main/java/com/haf/server/db/UserDAO.java:[82,26] cannot find symbol
  symbol:   class RegisterRequest
  location: class com.haf.server.db.UserDAO
[ERROR] /home/xaris/Desktop/Diplo/PROJECT/HAFMessenger/server/src/main/java/com/haf/server/handlers/EncryptedMessageValidator.java:[3,26] package com.haf.shared.dto does not exist
[ERROR] /home/xaris/Desktop/Diplo/PROJECT/HAFMessenger/server/src/main/java/com/haf/server/handlers/EncryptedMessageValidator.java:[4,33] package com.haf.shared.exceptions does not exist
[ERROR] /home/xaris/Desktop/Diplo/PROJECT/HAFMessenger/server/src/main/java/com/haf/server/handlers/EncryptedMessageValidator.java:[5,28] package com.haf.shared.utils does not exist
[ERROR] /home/xaris/Desktop/Diplo/PROJECT/HAFMessenger/server/src/main/java/com/haf/server/handlers/EncryptedMessageValidator.java:[23,38] cannot find symbol
  symbol:   class EncryptedMessage
  location: class com.haf.server.handlers.EncryptedMessageValidator
[ERROR] /home/xaris/Desktop/Diplo/PROJECT/HAFMessenger/server/src/main/java/com/haf/server/ingress/HttpIngressServer.java:[14,26] package com.haf.shared.dto does not exist
[ERROR] /home/xaris/Desktop/Diplo/PROJECT/HAFMessenger/server/src/main/java/com/haf/server/ingress/HttpIngressServer.java:[15,26] package com.haf.shared.dto does not exist
[ERROR] /home/xaris/Desktop/Diplo/PROJECT/HAFMessenger/server/src/main/java/com/haf/server/ingress/HttpIngressServer.java:[16,26] package com.haf.shared.dto does not exist
[ERROR] /home/xaris/Desktop/Diplo/PROJECT/HAFMessenger/server/src/main/java/com/haf/server/ingress/HttpIngressServer.java:[17,26] package com.haf.shared.dto does not exist
[ERROR] /home/xaris/Desktop/Diplo/PROJECT/HAFMessenger/server/src/main/java/com/haf/server/ingress/HttpIngressServer.java:[18,26] package com.haf.shared.dto does not exist
[ERROR] /home/xaris/Desktop/Diplo/PROJECT/HAFMessenger/server/src/main/java/com/haf/server/ingress/HttpIngressServer.java:[19,26] package com.haf.shared.dto does not exist
[ERROR] /home/xaris/Desktop/Diplo/PROJECT/HAFMessenger/server/src/main/java/com/haf/server/ingress/HttpIngressServer.java:[20,28] package com.haf.shared.utils does not exist
[ERROR] /home/xaris/Desktop/Diplo/PROJECT/HAFMessenger/server/src/main/java/com/haf/server/router/MailboxRouter.java:[6,26] package com.haf.shared.dto does not exist
[ERROR] /home/xaris/Desktop/Diplo/PROJECT/HAFMessenger/server/src/main/java/com/haf/server/router/MailboxRouter.java:[63,35] cannot find symbol
  symbol:   class EncryptedMessage
  location: class com.haf.server.router.MailboxRouter
[ERROR] /home/xaris/Desktop/Diplo/PROJECT/HAFMessenger/server/src/main/java/com/haf/server/ingress/HttpIngressServer.java:[332,45] cannot find symbol
  symbol:   class RegisterRequest
  location: class com.haf.server.ingress.HttpIngressServer.RegistrationHandler
[ERROR] /home/xaris/Desktop/Diplo/PROJECT/HAFMessenger/server/src/main/java/com/haf/server/ingress/HttpIngressServer.java:[349,35] cannot find symbol
  symbol:   class EncryptedFileDTO
  location: class com.haf.server.ingress.HttpIngressServer.RegistrationHandler
[ERROR] /home/xaris/Desktop/Diplo/PROJECT/HAFMessenger/server/src/main/java/com/haf/server/ingress/WebSocketIngressServer.java:[13,28] package com.haf.shared.utils does not exist
[ERROR] /home/xaris/Desktop/Diplo/PROJECT/HAFMessenger/server/src/main/java/com/haf/server/db/EnvelopeDAO.java:[163,17] cannot find symbol
  symbol:   class EncryptedMessage
  location: class com.haf.server.db.EnvelopeDAO
[ERROR] /home/xaris/Desktop/Diplo/PROJECT/HAFMessenger/server/src/main/java/com/haf/server/db/EnvelopeDAO.java:[208,17] cannot find symbol
  symbol:   class EncryptedMessage
  location: class com.haf.server.db.EnvelopeDAO
[ERROR] /home/xaris/Desktop/Diplo/PROJECT/HAFMessenger/server/src/main/java/com/haf/server/db/EnvelopeDAO.java:[319,9] cannot find symbol
  symbol:   class EncryptedMessage
  location: class com.haf.server.db.EnvelopeDAO
[ERROR] /home/xaris/Desktop/Diplo/PROJECT/HAFMessenger/server/src/main/java/com/haf/server/db/EnvelopeDAO.java:[319,40] cannot find symbol
  symbol:   class EncryptedMessage
  location: class com.haf.server.db.EnvelopeDAO
[ERROR] /home/xaris/Desktop/Diplo/PROJECT/HAFMessenger/server/src/main/java/com/haf/server/db/EnvelopeDAO.java:[320,27] cannot find symbol
  symbol:   variable MessageHeader
  location: class com.haf.server.db.EnvelopeDAO
[ERROR] /home/xaris/Desktop/Diplo/PROJECT/HAFMessenger/server/src/main/java/com/haf/server/db/EnvelopeDAO.java:[321,29] cannot find symbol
  symbol:   variable MessageHeader
  location: class com.haf.server.db.EnvelopeDAO
[ERROR] /home/xaris/Desktop/Diplo/PROJECT/HAFMessenger/server/src/main/java/com/haf/server/handlers/EncryptedMessageValidator.java:[25,13] cannot find symbol
  symbol:   variable MessageValidator
  location: class com.haf.server.handlers.EncryptedMessageValidator
[ERROR] /home/xaris/Desktop/Diplo/PROJECT/HAFMessenger/server/src/main/java/com/haf/server/handlers/EncryptedMessageValidator.java:[26,18] cannot find symbol
  symbol:   class MessageValidationException
  location: class com.haf.server.handlers.EncryptedMessageValidator
[ERROR] /home/xaris/Desktop/Diplo/PROJECT/HAFMessenger/server/src/main/java/com/haf/server/ingress/HttpIngressServer.java:[172,17] cannot find symbol
  symbol:   class EncryptedMessage
  location: class com.haf.server.ingress.HttpIngressServer.IngressHandler
[ERROR] /home/xaris/Desktop/Diplo/PROJECT/HAFMessenger/server/src/main/java/com/haf/server/ingress/HttpIngressServer.java:[172,69] cannot find symbol
  symbol:   class EncryptedMessage
  location: class com.haf.server.ingress.HttpIngressServer.IngressHandler
[ERROR] /home/xaris/Desktop/Diplo/PROJECT/HAFMessenger/server/src/main/java/com/haf/server/ingress/HttpIngressServer.java:[172,44] cannot find symbol
  symbol:   variable JsonCodec
  location: class com.haf.server.ingress.HttpIngressServer.IngressHandler
[ERROR] /home/xaris/Desktop/Diplo/PROJECT/HAFMessenger/server/src/main/java/com/haf/server/ingress/HttpIngressServer.java:[198,35] cannot find symbol
  symbol:   variable JsonCodec
  location: class com.haf.server.ingress.HttpIngressServer.IngressHandler
[ERROR] /home/xaris/Desktop/Diplo/PROJECT/HAFMessenger/server/src/main/java/com/haf/server/ingress/HttpIngressServer.java:[287,55] cannot find symbol
  symbol:   variable JsonCodec
  location: class com.haf.server.ingress.HttpIngressServer.RegistrationHandler
[ERROR] /home/xaris/Desktop/Diplo/PROJECT/HAFMessenger/server/src/main/java/com/haf/server/ingress/HttpIngressServer.java:[287,72] cannot find symbol
  symbol:   variable RegisterResponse
  location: class com.haf.server.ingress.HttpIngressServer.RegistrationHandler
[ERROR] /home/xaris/Desktop/Diplo/PROJECT/HAFMessenger/server/src/main/java/com/haf/server/ingress/HttpIngressServer.java:[292,17] cannot find symbol
  symbol:   class RegisterRequest
  location: class com.haf.server.ingress.HttpIngressServer.RegistrationHandler
[ERROR] /home/xaris/Desktop/Diplo/PROJECT/HAFMessenger/server/src/main/java/com/haf/server/ingress/HttpIngressServer.java:[292,68] cannot find symbol
  symbol:   class RegisterRequest
  location: class com.haf.server.ingress.HttpIngressServer.RegistrationHandler
[ERROR] /home/xaris/Desktop/Diplo/PROJECT/HAFMessenger/server/src/main/java/com/haf/server/ingress/HttpIngressServer.java:[292,43] cannot find symbol
  symbol:   variable JsonCodec
  location: class com.haf.server.ingress.HttpIngressServer.RegistrationHandler
[ERROR] /home/xaris/Desktop/Diplo/PROJECT/HAFMessenger/server/src/main/java/com/haf/server/ingress/HttpIngressServer.java:[297,55] cannot find symbol
  symbol:   variable JsonCodec
  location: class com.haf.server.ingress.HttpIngressServer.RegistrationHandler
[ERROR] /home/xaris/Desktop/Diplo/PROJECT/HAFMessenger/server/src/main/java/com/haf/server/ingress/HttpIngressServer.java:[297,72] cannot find symbol
  symbol:   variable RegisterResponse
  location: class com.haf.server.ingress.HttpIngressServer.RegistrationHandler
[ERROR] /home/xaris/Desktop/Diplo/PROJECT/HAFMessenger/server/src/main/java/com/haf/server/ingress/HttpIngressServer.java:[304,29] cannot find symbol
  symbol:   variable JsonCodec
  location: class com.haf.server.ingress.HttpIngressServer.RegistrationHandler
[ERROR] /home/xaris/Desktop/Diplo/PROJECT/HAFMessenger/server/src/main/java/com/haf/server/ingress/HttpIngressServer.java:[304,46] cannot find symbol
  symbol:   variable RegisterResponse
  location: class com.haf.server.ingress.HttpIngressServer.RegistrationHandler
[ERROR] /home/xaris/Desktop/Diplo/PROJECT/HAFMessenger/server/src/main/java/com/haf/server/ingress/HttpIngressServer.java:[323,51] cannot find symbol
  symbol:   variable JsonCodec
  location: class com.haf.server.ingress.HttpIngressServer.RegistrationHandler
[ERROR] /home/xaris/Desktop/Diplo/PROJECT/HAFMessenger/server/src/main/java/com/haf/server/ingress/HttpIngressServer.java:[323,68] cannot find symbol
  symbol:   variable RegisterResponse
  location: class com.haf.server.ingress.HttpIngressServer.RegistrationHandler
[ERROR] /home/xaris/Desktop/Diplo/PROJECT/HAFMessenger/server/src/main/java/com/haf/server/ingress/HttpIngressServer.java:[326,51] cannot find symbol
  symbol:   variable JsonCodec
  location: class com.haf.server.ingress.HttpIngressServer.RegistrationHandler
[ERROR] /home/xaris/Desktop/Diplo/PROJECT/HAFMessenger/server/src/main/java/com/haf/server/ingress/HttpIngressServer.java:[326,68] cannot find symbol
  symbol:   variable RegisterResponse
  location: class com.haf.server.ingress.HttpIngressServer.RegistrationHandler
[ERROR] /home/xaris/Desktop/Diplo/PROJECT/HAFMessenger/server/src/main/java/com/haf/server/ingress/HttpIngressServer.java:[421,55] cannot find symbol
  symbol:   variable JsonCodec
  location: class com.haf.server.ingress.HttpIngressServer.LoginHandler
[ERROR] /home/xaris/Desktop/Diplo/PROJECT/HAFMessenger/server/src/main/java/com/haf/server/ingress/HttpIngressServer.java:[421,72] cannot find symbol
  symbol:   variable LoginResponse
  location: class com.haf.server.ingress.HttpIngressServer.LoginHandler
[ERROR] /home/xaris/Desktop/Diplo/PROJECT/HAFMessenger/server/src/main/java/com/haf/server/ingress/HttpIngressServer.java:[426,17] cannot find symbol
  symbol:   class LoginRequest
  location: class com.haf.server.ingress.HttpIngressServer.LoginHandler
[ERROR] /home/xaris/Desktop/Diplo/PROJECT/HAFMessenger/server/src/main/java/com/haf/server/ingress/HttpIngressServer.java:[426,65] cannot find symbol
  symbol:   class LoginRequest
  location: class com.haf.server.ingress.HttpIngressServer.LoginHandler
[ERROR] /home/xaris/Desktop/Diplo/PROJECT/HAFMessenger/server/src/main/java/com/haf/server/ingress/HttpIngressServer.java:[426,40] cannot find symbol
  symbol:   variable JsonCodec
  location: class com.haf.server.ingress.HttpIngressServer.LoginHandler
[ERROR] /home/xaris/Desktop/Diplo/PROJECT/HAFMessenger/server/src/main/java/com/haf/server/ingress/HttpIngressServer.java:[431,29] cannot find symbol
  symbol:   variable JsonCodec
  location: class com.haf.server.ingress.HttpIngressServer.LoginHandler
[ERROR] /home/xaris/Desktop/Diplo/PROJECT/HAFMessenger/server/src/main/java/com/haf/server/ingress/HttpIngressServer.java:[431,46] cannot find symbol
  symbol:   variable LoginResponse
  location: class com.haf.server.ingress.HttpIngressServer.LoginHandler
[ERROR] /home/xaris/Desktop/Diplo/PROJECT/HAFMessenger/server/src/main/java/com/haf/server/ingress/HttpIngressServer.java:[439,29] cannot find symbol
  symbol:   variable JsonCodec
  location: class com.haf.server.ingress.HttpIngressServer.LoginHandler
[ERROR] /home/xaris/Desktop/Diplo/PROJECT/HAFMessenger/server/src/main/java/com/haf/server/ingress/HttpIngressServer.java:[439,46] cannot find symbol
  symbol:   variable LoginResponse
  location: class com.haf.server.ingress.HttpIngressServer.LoginHandler
[ERROR] /home/xaris/Desktop/Diplo/PROJECT/HAFMessenger/server/src/main/java/com/haf/server/ingress/HttpIngressServer.java:[446,29] cannot find symbol
  symbol:   variable JsonCodec
  location: class com.haf.server.ingress.HttpIngressServer.LoginHandler
[ERROR] /home/xaris/Desktop/Diplo/PROJECT/HAFMessenger/server/src/main/java/com/haf/server/ingress/HttpIngressServer.java:[446,46] cannot find symbol
  symbol:   variable LoginResponse
  location: class com.haf.server.ingress.HttpIngressServer.LoginHandler
[ERROR] /home/xaris/Desktop/Diplo/PROJECT/HAFMessenger/server/src/main/java/com/haf/server/ingress/HttpIngressServer.java:[453,29] cannot find symbol
  symbol:   variable JsonCodec
  location: class com.haf.server.ingress.HttpIngressServer.LoginHandler
[ERROR] /home/xaris/Desktop/Diplo/PROJECT/HAFMessenger/server/src/main/java/com/haf/server/ingress/HttpIngressServer.java:[453,46] cannot find symbol
  symbol:   variable LoginResponse
  location: class com.haf.server.ingress.HttpIngressServer.LoginHandler
[ERROR] /home/xaris/Desktop/Diplo/PROJECT/HAFMessenger/server/src/main/java/com/haf/server/ingress/HttpIngressServer.java:[465,25] cannot find symbol
  symbol:   variable JsonCodec
  location: class com.haf.server.ingress.HttpIngressServer.LoginHandler
[ERROR] /home/xaris/Desktop/Diplo/PROJECT/HAFMessenger/server/src/main/java/com/haf/server/ingress/HttpIngressServer.java:[465,42] cannot find symbol
  symbol:   variable LoginResponse
  location: class com.haf.server.ingress.HttpIngressServer.LoginHandler
[ERROR] /home/xaris/Desktop/Diplo/PROJECT/HAFMessenger/server/src/main/java/com/haf/server/ingress/HttpIngressServer.java:[469,51] cannot find symbol
  symbol:   variable JsonCodec
  location: class com.haf.server.ingress.HttpIngressServer.LoginHandler
[ERROR] /home/xaris/Desktop/Diplo/PROJECT/HAFMessenger/server/src/main/java/com/haf/server/ingress/HttpIngressServer.java:[469,68] cannot find symbol
  symbol:   variable LoginResponse
  location: class com.haf.server.ingress.HttpIngressServer.LoginHandler
[ERROR] /home/xaris/Desktop/Diplo/PROJECT/HAFMessenger/server/src/main/java/com/haf/server/ingress/WebSocketIngressServer.java:[141,42] cannot find symbol
  symbol:   variable JsonCodec
  location: class com.haf.server.ingress.WebSocketIngressServer
[ERROR] /home/xaris/Desktop/Diplo/PROJECT/HAFMessenger/server/src/main/java/com/haf/server/ingress/WebSocketIngressServer.java:[186,30] cannot find symbol
  symbol:   variable JsonCodec
  location: class com.haf.server.ingress.WebSocketIngressServer
[INFO] 71 errors 
[INFO] -------------------------------------------------------------
[INFO] ------------------------------------------------------------------------
[INFO] Reactor Summary for HAFMessenger 1.0-SNAPSHOT:
[INFO] 
[INFO] HAFMessenger ....................................... SUCCESS [  0.212 s]
[INFO] shared ............................................. SUCCESS [  5.136 s]
[INFO] client ............................................. SUCCESS [  3.915 s]
[INFO] server ............................................. FAILURE [  2.514 s]
[INFO] ------------------------------------------------------------------------
[INFO] BUILD FAILURE
[INFO] ------------------------------------------------------------------------
[INFO] Total time:  12.004 s
[INFO] Finished at: 2026-03-04T10:13:24+02:00
[INFO] ------------------------------------------------------------------------
[ERROR] Failed to execute goal org.apache.maven.plugins:maven-compiler-plugin:3.13.0:compile (default-compile) on project server: Compilation failure: Compilation failure: 
[ERROR] /home/xaris/Desktop/Diplo/PROJECT/HAFMessenger/server/src/main/java/com/haf/server/db/EnvelopeDAO.java:[5,32] package com.haf.shared.constants does not exist
[ERROR] /home/xaris/Desktop/Diplo/PROJECT/HAFMessenger/server/src/main/java/com/haf/server/db/EnvelopeDAO.java:[6,26] package com.haf.shared.dto does not exist
[ERROR] /home/xaris/Desktop/Diplo/PROJECT/HAFMessenger/server/src/main/java/com/haf/server/db/EnvelopeDAO.java:[113,34] cannot find symbol
[ERROR]   symbol:   class EncryptedMessage
[ERROR]   location: class com.haf.server.db.EnvelopeDAO
[ERROR] /home/xaris/Desktop/Diplo/PROJECT/HAFMessenger/server/src/main/java/com/haf/server/router/QueuedEnvelope.java:[3,26] package com.haf.shared.dto does not exist
[ERROR] /home/xaris/Desktop/Diplo/PROJECT/HAFMessenger/server/src/main/java/com/haf/server/router/QueuedEnvelope.java:[14,30] cannot find symbol
[ERROR]   symbol:   class EncryptedMessage
[ERROR]   location: class com.haf.server.router.QueuedEnvelope
[ERROR] /home/xaris/Desktop/Diplo/PROJECT/HAFMessenger/server/src/main/java/com/haf/server/db/EnvelopeDAO.java:[277,35] cannot find symbol
[ERROR]   symbol:   class EncryptedMessage
[ERROR]   location: class com.haf.server.db.EnvelopeDAO
[ERROR] /home/xaris/Desktop/Diplo/PROJECT/HAFMessenger/server/src/main/java/com/haf/server/db/EnvelopeDAO.java:[318,13] cannot find symbol
[ERROR]   symbol:   class EncryptedMessage
[ERROR]   location: class com.haf.server.db.EnvelopeDAO
[ERROR] /home/xaris/Desktop/Diplo/PROJECT/HAFMessenger/server/src/main/java/com/haf/server/db/FileUploadDAO.java:[3,26] package com.haf.shared.dto does not exist
[ERROR] /home/xaris/Desktop/Diplo/PROJECT/HAFMessenger/server/src/main/java/com/haf/server/db/FileUploadDAO.java:[59,26] cannot find symbol
[ERROR]   symbol:   class EncryptedFileDTO
[ERROR]   location: class com.haf.server.db.FileUploadDAO
[ERROR] /home/xaris/Desktop/Diplo/PROJECT/HAFMessenger/server/src/main/java/com/haf/server/db/UserDAO.java:[4,26] package com.haf.shared.dto does not exist
[ERROR] /home/xaris/Desktop/Diplo/PROJECT/HAFMessenger/server/src/main/java/com/haf/server/db/UserDAO.java:[82,26] cannot find symbol
[ERROR]   symbol:   class RegisterRequest
[ERROR]   location: class com.haf.server.db.UserDAO
[ERROR] /home/xaris/Desktop/Diplo/PROJECT/HAFMessenger/server/src/main/java/com/haf/server/handlers/EncryptedMessageValidator.java:[3,26] package com.haf.shared.dto does not exist
[ERROR] /home/xaris/Desktop/Diplo/PROJECT/HAFMessenger/server/src/main/java/com/haf/server/handlers/EncryptedMessageValidator.java:[4,33] package com.haf.shared.exceptions does not exist
[ERROR] /home/xaris/Desktop/Diplo/PROJECT/HAFMessenger/server/src/main/java/com/haf/server/handlers/EncryptedMessageValidator.java:[5,28] package com.haf.shared.utils does not exist
[ERROR] /home/xaris/Desktop/Diplo/PROJECT/HAFMessenger/server/src/main/java/com/haf/server/handlers/EncryptedMessageValidator.java:[23,38] cannot find symbol
[ERROR]   symbol:   class EncryptedMessage
[ERROR]   location: class com.haf.server.handlers.EncryptedMessageValidator
[ERROR] /home/xaris/Desktop/Diplo/PROJECT/HAFMessenger/server/src/main/java/com/haf/server/ingress/HttpIngressServer.java:[14,26] package com.haf.shared.dto does not exist
[ERROR] /home/xaris/Desktop/Diplo/PROJECT/HAFMessenger/server/src/main/java/com/haf/server/ingress/HttpIngressServer.java:[15,26] package com.haf.shared.dto does not exist
[ERROR] /home/xaris/Desktop/Diplo/PROJECT/HAFMessenger/server/src/main/java/com/haf/server/ingress/HttpIngressServer.java:[16,26] package com.haf.shared.dto does not exist
[ERROR] /home/xaris/Desktop/Diplo/PROJECT/HAFMessenger/server/src/main/java/com/haf/server/ingress/HttpIngressServer.java:[17,26] package com.haf.shared.dto does not exist
[ERROR] /home/xaris/Desktop/Diplo/PROJECT/HAFMessenger/server/src/main/java/com/haf/server/ingress/HttpIngressServer.java:[18,26] package com.haf.shared.dto does not exist
[ERROR] /home/xaris/Desktop/Diplo/PROJECT/HAFMessenger/server/src/main/java/com/haf/server/ingress/HttpIngressServer.java:[19,26] package com.haf.shared.dto does not exist
[ERROR] /home/xaris/Desktop/Diplo/PROJECT/HAFMessenger/server/src/main/java/com/haf/server/ingress/HttpIngressServer.java:[20,28] package com.haf.shared.utils does not exist
[ERROR] /home/xaris/Desktop/Diplo/PROJECT/HAFMessenger/server/src/main/java/com/haf/server/router/MailboxRouter.java:[6,26] package com.haf.shared.dto does not exist
[ERROR] /home/xaris/Desktop/Diplo/PROJECT/HAFMessenger/server/src/main/java/com/haf/server/router/MailboxRouter.java:[63,35] cannot find symbol
[ERROR]   symbol:   class EncryptedMessage
[ERROR]   location: class com.haf.server.router.MailboxRouter
[ERROR] /home/xaris/Desktop/Diplo/PROJECT/HAFMessenger/server/src/main/java/com/haf/server/ingress/HttpIngressServer.java:[332,45] cannot find symbol
[ERROR]   symbol:   class RegisterRequest
[ERROR]   location: class com.haf.server.ingress.HttpIngressServer.RegistrationHandler
[ERROR] /home/xaris/Desktop/Diplo/PROJECT/HAFMessenger/server/src/main/java/com/haf/server/ingress/HttpIngressServer.java:[349,35] cannot find symbol
[ERROR]   symbol:   class EncryptedFileDTO
[ERROR]   location: class com.haf.server.ingress.HttpIngressServer.RegistrationHandler
[ERROR] /home/xaris/Desktop/Diplo/PROJECT/HAFMessenger/server/src/main/java/com/haf/server/ingress/WebSocketIngressServer.java:[13,28] package com.haf.shared.utils does not exist
[ERROR] /home/xaris/Desktop/Diplo/PROJECT/HAFMessenger/server/src/main/java/com/haf/server/db/EnvelopeDAO.java:[163,17] cannot find symbol
[ERROR]   symbol:   class EncryptedMessage
[ERROR]   location: class com.haf.server.db.EnvelopeDAO
[ERROR] /home/xaris/Desktop/Diplo/PROJECT/HAFMessenger/server/src/main/java/com/haf/server/db/EnvelopeDAO.java:[208,17] cannot find symbol
[ERROR]   symbol:   class EncryptedMessage
[ERROR]   location: class com.haf.server.db.EnvelopeDAO
[ERROR] /home/xaris/Desktop/Diplo/PROJECT/HAFMessenger/server/src/main/java/com/haf/server/db/EnvelopeDAO.java:[319,9] cannot find symbol
[ERROR]   symbol:   class EncryptedMessage
[ERROR]   location: class com.haf.server.db.EnvelopeDAO
[ERROR] /home/xaris/Desktop/Diplo/PROJECT/HAFMessenger/server/src/main/java/com/haf/server/db/EnvelopeDAO.java:[319,40] cannot find symbol
[ERROR]   symbol:   class EncryptedMessage
[ERROR]   location: class com.haf.server.db.EnvelopeDAO
[ERROR] /home/xaris/Desktop/Diplo/PROJECT/HAFMessenger/server/src/main/java/com/haf/server/db/EnvelopeDAO.java:[320,27] cannot find symbol
[ERROR]   symbol:   variable MessageHeader
[ERROR]   location: class com.haf.server.db.EnvelopeDAO
[ERROR] /home/xaris/Desktop/Diplo/PROJECT/HAFMessenger/server/src/main/java/com/haf/server/db/EnvelopeDAO.java:[321,29] cannot find symbol
[ERROR]   symbol:   variable MessageHeader
[ERROR]   location: class com.haf.server.db.EnvelopeDAO
[ERROR] /home/xaris/Desktop/Diplo/PROJECT/HAFMessenger/server/src/main/java/com/haf/server/handlers/EncryptedMessageValidator.java:[25,13] cannot find symbol
[ERROR]   symbol:   variable MessageValidator
[ERROR]   location: class com.haf.server.handlers.EncryptedMessageValidator
[ERROR] /home/xaris/Desktop/Diplo/PROJECT/HAFMessenger/server/src/main/java/com/haf/server/handlers/EncryptedMessageValidator.java:[26,18] cannot find symbol
[ERROR]   symbol:   class MessageValidationException
[ERROR]   location: class com.haf.server.handlers.EncryptedMessageValidator
[ERROR] /home/xaris/Desktop/Diplo/PROJECT/HAFMessenger/server/src/main/java/com/haf/server/ingress/HttpIngressServer.java:[172,17] cannot find symbol
[ERROR]   symbol:   class EncryptedMessage
[ERROR]   location: class com.haf.server.ingress.HttpIngressServer.IngressHandler
[ERROR] /home/xaris/Desktop/Diplo/PROJECT/HAFMessenger/server/src/main/java/com/haf/server/ingress/HttpIngressServer.java:[172,69] cannot find symbol
[ERROR]   symbol:   class EncryptedMessage
[ERROR]   location: class com.haf.server.ingress.HttpIngressServer.IngressHandler
[ERROR] /home/xaris/Desktop/Diplo/PROJECT/HAFMessenger/server/src/main/java/com/haf/server/ingress/HttpIngressServer.java:[172,44] cannot find symbol
[ERROR]   symbol:   variable JsonCodec
[ERROR]   location: class com.haf.server.ingress.HttpIngressServer.IngressHandler
[ERROR] /home/xaris/Desktop/Diplo/PROJECT/HAFMessenger/server/src/main/java/com/haf/server/ingress/HttpIngressServer.java:[198,35] cannot find symbol
[ERROR]   symbol:   variable JsonCodec
[ERROR]   location: class com.haf.server.ingress.HttpIngressServer.IngressHandler
[ERROR] /home/xaris/Desktop/Diplo/PROJECT/HAFMessenger/server/src/main/java/com/haf/server/ingress/HttpIngressServer.java:[287,55] cannot find symbol
[ERROR]   symbol:   variable JsonCodec
[ERROR]   location: class com.haf.server.ingress.HttpIngressServer.RegistrationHandler
[ERROR] /home/xaris/Desktop/Diplo/PROJECT/HAFMessenger/server/src/main/java/com/haf/server/ingress/HttpIngressServer.java:[287,72] cannot find symbol
[ERROR]   symbol:   variable RegisterResponse
[ERROR]   location: class com.haf.server.ingress.HttpIngressServer.RegistrationHandler
[ERROR] /home/xaris/Desktop/Diplo/PROJECT/HAFMessenger/server/src/main/java/com/haf/server/ingress/HttpIngressServer.java:[292,17] cannot find symbol
[ERROR]   symbol:   class RegisterRequest
[ERROR]   location: class com.haf.server.ingress.HttpIngressServer.RegistrationHandler
[ERROR] /home/xaris/Desktop/Diplo/PROJECT/HAFMessenger/server/src/main/java/com/haf/server/ingress/HttpIngressServer.java:[292,68] cannot find symbol
[ERROR]   symbol:   class RegisterRequest
[ERROR]   location: class com.haf.server.ingress.HttpIngressServer.RegistrationHandler
[ERROR] /home/xaris/Desktop/Diplo/PROJECT/HAFMessenger/server/src/main/java/com/haf/server/ingress/HttpIngressServer.java:[292,43] cannot find symbol
[ERROR]   symbol:   variable JsonCodec
[ERROR]   location: class com.haf.server.ingress.HttpIngressServer.RegistrationHandler
[ERROR] /home/xaris/Desktop/Diplo/PROJECT/HAFMessenger/server/src/main/java/com/haf/server/ingress/HttpIngressServer.java:[297,55] cannot find symbol
[ERROR]   symbol:   variable JsonCodec
[ERROR]   location: class com.haf.server.ingress.HttpIngressServer.RegistrationHandler
[ERROR] /home/xaris/Desktop/Diplo/PROJECT/HAFMessenger/server/src/main/java/com/haf/server/ingress/HttpIngressServer.java:[297,72] cannot find symbol
[ERROR]   symbol:   variable RegisterResponse
[ERROR]   location: class com.haf.server.ingress.HttpIngressServer.RegistrationHandler
[ERROR] /home/xaris/Desktop/Diplo/PROJECT/HAFMessenger/server/src/main/java/com/haf/server/ingress/HttpIngressServer.java:[304,29] cannot find symbol
[ERROR]   symbol:   variable JsonCodec
[ERROR]   location: class com.haf.server.ingress.HttpIngressServer.RegistrationHandler
[ERROR] /home/xaris/Desktop/Diplo/PROJECT/HAFMessenger/server/src/main/java/com/haf/server/ingress/HttpIngressServer.java:[304,46] cannot find symbol
[ERROR]   symbol:   variable RegisterResponse
[ERROR]   location: class com.haf.server.ingress.HttpIngressServer.RegistrationHandler
[ERROR] /home/xaris/Desktop/Diplo/PROJECT/HAFMessenger/server/src/main/java/com/haf/server/ingress/HttpIngressServer.java:[323,51] cannot find symbol
[ERROR]   symbol:   variable JsonCodec
[ERROR]   location: class com.haf.server.ingress.HttpIngressServer.RegistrationHandler
[ERROR] /home/xaris/Desktop/Diplo/PROJECT/HAFMessenger/server/src/main/java/com/haf/server/ingress/HttpIngressServer.java:[323,68] cannot find symbol
[ERROR]   symbol:   variable RegisterResponse
[ERROR]   location: class com.haf.server.ingress.HttpIngressServer.RegistrationHandler
[ERROR] /home/xaris/Desktop/Diplo/PROJECT/HAFMessenger/server/src/main/java/com/haf/server/ingress/HttpIngressServer.java:[326,51] cannot find symbol
[ERROR]   symbol:   variable JsonCodec
[ERROR]   location: class com.haf.server.ingress.HttpIngressServer.RegistrationHandler
[ERROR] /home/xaris/Desktop/Diplo/PROJECT/HAFMessenger/server/src/main/java/com/haf/server/ingress/HttpIngressServer.java:[326,68] cannot find symbol
[ERROR]   symbol:   variable RegisterResponse
[ERROR]   location: class com.haf.server.ingress.HttpIngressServer.RegistrationHandler
[ERROR] /home/xaris/Desktop/Diplo/PROJECT/HAFMessenger/server/src/main/java/com/haf/server/ingress/HttpIngressServer.java:[421,55] cannot find symbol
[ERROR]   symbol:   variable JsonCodec
[ERROR]   location: class com.haf.server.ingress.HttpIngressServer.LoginHandler
[ERROR] /home/xaris/Desktop/Diplo/PROJECT/HAFMessenger/server/src/main/java/com/haf/server/ingress/HttpIngressServer.java:[421,72] cannot find symbol
[ERROR]   symbol:   variable LoginResponse
[ERROR]   location: class com.haf.server.ingress.HttpIngressServer.LoginHandler
[ERROR] /home/xaris/Desktop/Diplo/PROJECT/HAFMessenger/server/src/main/java/com/haf/server/ingress/HttpIngressServer.java:[426,17] cannot find symbol
[ERROR]   symbol:   class LoginRequest
[ERROR]   location: class com.haf.server.ingress.HttpIngressServer.LoginHandler
[ERROR] /home/xaris/Desktop/Diplo/PROJECT/HAFMessenger/server/src/main/java/com/haf/server/ingress/HttpIngressServer.java:[426,65] cannot find symbol
[ERROR]   symbol:   class LoginRequest
[ERROR]   location: class com.haf.server.ingress.HttpIngressServer.LoginHandler
[ERROR] /home/xaris/Desktop/Diplo/PROJECT/HAFMessenger/server/src/main/java/com/haf/server/ingress/HttpIngressServer.java:[426,40] cannot find symbol
[ERROR]   symbol:   variable JsonCodec
[ERROR]   location: class com.haf.server.ingress.HttpIngressServer.LoginHandler
[ERROR] /home/xaris/Desktop/Diplo/PROJECT/HAFMessenger/server/src/main/java/com/haf/server/ingress/HttpIngressServer.java:[431,29] cannot find symbol
[ERROR]   symbol:   variable JsonCodec
[ERROR]   location: class com.haf.server.ingress.HttpIngressServer.LoginHandler
[ERROR] /home/xaris/Desktop/Diplo/PROJECT/HAFMessenger/server/src/main/java/com/haf/server/ingress/HttpIngressServer.java:[431,46] cannot find symbol
[ERROR]   symbol:   variable LoginResponse
[ERROR]   location: class com.haf.server.ingress.HttpIngressServer.LoginHandler
[ERROR] /home/xaris/Desktop/Diplo/PROJECT/HAFMessenger/server/src/main/java/com/haf/server/ingress/HttpIngressServer.java:[439,29] cannot find symbol
[ERROR]   symbol:   variable JsonCodec
[ERROR]   location: class com.haf.server.ingress.HttpIngressServer.LoginHandler
[ERROR] /home/xaris/Desktop/Diplo/PROJECT/HAFMessenger/server/src/main/java/com/haf/server/ingress/HttpIngressServer.java:[439,46] cannot find symbol
[ERROR]   symbol:   variable LoginResponse
[ERROR]   location: class com.haf.server.ingress.HttpIngressServer.LoginHandler
[ERROR] /home/xaris/Desktop/Diplo/PROJECT/HAFMessenger/server/src/main/java/com/haf/server/ingress/HttpIngressServer.java:[446,29] cannot find symbol
[ERROR]   symbol:   variable JsonCodec
[ERROR]   location: class com.haf.server.ingress.HttpIngressServer.LoginHandler
[ERROR] /home/xaris/Desktop/Diplo/PROJECT/HAFMessenger/server/src/main/java/com/haf/server/ingress/HttpIngressServer.java:[446,46] cannot find symbol
[ERROR]   symbol:   variable LoginResponse
[ERROR]   location: class com.haf.server.ingress.HttpIngressServer.LoginHandler
[ERROR] /home/xaris/Desktop/Diplo/PROJECT/HAFMessenger/server/src/main/java/com/haf/server/ingress/HttpIngressServer.java:[453,29] cannot find symbol
[ERROR]   symbol:   variable JsonCodec
[ERROR]   location: class com.haf.server.ingress.HttpIngressServer.LoginHandler
[ERROR] /home/xaris/Desktop/Diplo/PROJECT/HAFMessenger/server/src/main/java/com/haf/server/ingress/HttpIngressServer.java:[453,46] cannot find symbol
[ERROR]   symbol:   variable LoginResponse
[ERROR]   location: class com.haf.server.ingress.HttpIngressServer.LoginHandler
[ERROR] /home/xaris/Desktop/Diplo/PROJECT/HAFMessenger/server/src/main/java/com/haf/server/ingress/HttpIngressServer.java:[465,25] cannot find symbol
[ERROR]   symbol:   variable JsonCodec
[ERROR]   location: class com.haf.server.ingress.HttpIngressServer.LoginHandler
[ERROR] /home/xaris/Desktop/Diplo/PROJECT/HAFMessenger/server/src/main/java/com/haf/server/ingress/HttpIngressServer.java:[465,42] cannot find symbol
[ERROR]   symbol:   variable LoginResponse
[ERROR]   location: class com.haf.server.ingress.HttpIngressServer.LoginHandler
[ERROR] /home/xaris/Desktop/Diplo/PROJECT/HAFMessenger/server/src/main/java/com/haf/server/ingress/HttpIngressServer.java:[469,51] cannot find symbol
[ERROR]   symbol:   variable JsonCodec
[ERROR]   location: class com.haf.server.ingress.HttpIngressServer.LoginHandler
[ERROR] /home/xaris/Desktop/Diplo/PROJECT/HAFMessenger/server/src/main/java/com/haf/server/ingress/HttpIngressServer.java:[469,68] cannot find symbol
[ERROR]   symbol:   variable LoginResponse
[ERROR]   location: class com.haf.server.ingress.HttpIngressServer.LoginHandler
[ERROR] /home/xaris/Desktop/Diplo/PROJECT/HAFMessenger/server/src/main/java/com/haf/server/ingress/WebSocketIngressServer.java:[141,42] cannot find symbol
[ERROR]   symbol:   variable JsonCodec
[ERROR]   location: class com.haf.server.ingress.WebSocketIngressServer
[ERROR] /home/xaris/Desktop/Diplo/PROJECT/HAFMessenger/server/src/main/java/com/haf/server/ingress/WebSocketIngressServer.java:[186,30] cannot find symbol
[ERROR]   symbol:   variable JsonCodec
[ERROR]   location: class com.haf.server.ingress.WebSocketIngressServer
[ERROR] -> [Help 1]
[ERROR] 
[ERROR] To see the full stack trace of the errors, re-run Maven with the -e switch.
[ERROR] Re-run Maven using the -X switch to enable full debug logging.
[ERROR] 
[ERROR] For more information about the errors and possible solutions, please read the following articles:
[ERROR] [Help 1] http://cwiki.apache.org/confluence/display/MAVEN/MojoFailureException
[ERROR] 
[ERROR] After correcting the problems, you can resume the build with the command
[ERROR]   mvn <args> -rf :server
